{"numTotalTestSuites":4,"numPassedTestSuites":2,"numFailedTestSuites":2,"numPendingTestSuites":0,"numTotalTests":12,"numPassedTests":11,"numFailedTests":1,"numPendingTests":0,"numTodoTests":0,"snapshot":{"added":0,"failure":false,"filesAdded":0,"filesRemoved":0,"filesRemovedList":[],"filesUnmatched":0,"filesUpdated":0,"matched":0,"total":0,"unchecked":0,"uncheckedKeysByFile":[],"unmatched":0,"updated":0,"didUpdate":false},"startTime":1774153972511,"success":false,"testResults":[{"assertionResults":[{"ancestorTitles":["Formula Evaluator Engine"],"fullName":"Formula Evaluator Engine evaluates a standard formula correctly","status":"passed","title":"evaluates a standard formula correctly","duration":5.207299999999577,"failureMessages":[],"meta":{},"tags":[]},{"ancestorTitles":["Formula Evaluator Engine"],"fullName":"Formula Evaluator Engine handles missing variables gracefully","status":"passed","title":"handles missing variables gracefully","duration":0.8416000000001986,"failureMessages":[],"meta":{},"tags":[]},{"ancestorTitles":["Formula Evaluator Engine"],"fullName":"Formula Evaluator Engine guards against division by zero","status":"passed","title":"guards against division by zero","duration":0.5916000000001986,"failureMessages":[],"meta":{},"tags":[]},{"ancestorTitles":["Formula Evaluator Engine"],"fullName":"Formula Evaluator Engine handles floating point precision clamping","status":"passed","title":"handles floating point precision clamping","duration":0.5958000000000538,"failureMessages":[],"meta":{},"tags":[]},{"ancestorTitles":["Formula Evaluator Engine"],"fullName":"Formula Evaluator Engine safely evaluates complex deeply nested rows sequentially","status":"passed","title":"safely evaluates complex deeply nested rows sequentially","duration":1.0184999999996762,"failureMessages":[],"meta":{},"tags":[]},{"ancestorTitles":["Formula ID Translator"],"fullName":"Formula ID Translator translates human names to internal IDs before saving","status":"passed","title":"translates human names to internal IDs before saving","duration":0.4189000000001215,"failureMessages":[],"meta":{},"tags":[]},{"ancestorTitles":["Formula ID Translator"],"fullName":"Formula ID Translator translates internal IDs back to localized human names for the editor","status":"passed","title":"translates internal IDs back to localized human names for the editor","duration":0.5720999999998639,"failureMessages":[],"meta":{},"tags":[]},{"ancestorTitles":["Formula ID Translator"],"fullName":"Formula ID Translator handles deleted columns by showing a {Deleted} placeholder automatically","status":"passed","title":"handles deleted columns by showing a {Deleted} placeholder automatically","duration":0.4970999999995911,"failureMessages":[],"meta":{},"tags":[]},{"ancestorTitles":["Formula ID Translator"],"fullName":"Formula ID Translator correctly identifies variables inside completely malformed brackets","status":"passed","title":"correctly identifies variables inside completely malformed brackets","duration":1.8297999999999774,"failureMessages":[],"meta":{},"tags":[]},{"ancestorTitles":["Formula Validation Engine"],"fullName":"Formula Validation Engine approves valid structural formulas","status":"passed","title":"approves valid structural formulas","duration":0.5510999999996784,"failureMessages":[],"meta":{},"tags":[]},{"ancestorTitles":["Formula Validation Engine"],"fullName":"Formula Validation Engine rejects unknown variable references","status":"failed","title":"rejects unknown variable references","duration":12.20010000000002,"failureMessages":["AssertionError: expected 'Column \"Godzilla\" does not exist' to contain 'Invalid reference:'\n    at D:/Sadhguru Door/doorcraft-pro/src/lib/formula.test.ts:94:26\n    at file:///D:/Sadhguru%20Door/doorcraft-pro/node_modules/@vitest/runner/dist/index.js:296:11\n    at file:///D:/Sadhguru%20Door/doorcraft-pro/node_modules/@vitest/runner/dist/index.js:1258:26\n    at file:///D:/Sadhguru%20Door/doorcraft-pro/node_modules/@vitest/runner/dist/index.js:1681:20\n    at new Promise (<anonymous>)\n    at runWithCancel (file:///D:/Sadhguru%20Door/doorcraft-pro/node_modules/@vitest/runner/dist/index.js:1678:10)\n    at file:///D:/Sadhguru%20Door/doorcraft-pro/node_modules/@vitest/runner/dist/index.js:1660:20\n    at new Promise (<anonymous>)\n    at runWithTimeout (file:///D:/Sadhguru%20Door/doorcraft-pro/node_modules/@vitest/runner/dist/index.js:1627:10)\n    at file:///D:/Sadhguru%20Door/doorcraft-pro/node_modules/@vitest/runner/dist/index.js:2309:64"],"meta":{},"tags":[]},{"ancestorTitles":["Formula Validation Engine"],"fullName":"Formula Validation Engine rejects formulas causing a direct infinity loop self-reference","status":"passed","title":"rejects formulas causing a direct infinity loop self-reference","duration":0.39370000000008076,"failureMessages":[],"meta":{},"tags":[]}],"startTime":1774153976416,"endTime":1774153976442.3938,"status":"failed","message":"","name":"D:/Sadhguru Door/doorcraft-pro/src/lib/formula.test.ts"}]}
